{"logTime": "0405/144712", "correlationVector":"SpWTnOlI4ckHNwVHawnWp6.1","action":"SyncServerConnectionManagerRequest", "result":"SYNC_SERVER_OK", "context":{"environment":"Prod_southeastasia_prod-s01-064-apac-southeastasia", "migrationStage":"NotStarted", "server":"akswtt006000038"}}
{"logTime": "0405/144712", "correlationVector":"SpWTnOlI4ckHNwVHawnWp6.2","action":"ProcessGetUpdates", "result":"Done", "context":{"dataType":"Encryption Keys", "deleted":"0", "process_failed_to_decrypt":"0", "process_pending_decryption":"0", "process_success":"1", "total":"1"}}
{"logTime": "0405/144712", "correlationVector":"SJvlvbgSeCBGm1u/iwDSkd","action":"SyncServerConnectionManagerRequest", "result":"SYNC_SERVER_OK", "context":{"environment":"", "migrationStage":"", "server":""}}
{"logTime": "0405/144712", "correlationVector":"SJvlvbgSeCBGm1u/iwDSkd.0","action":"EncryptionKeysFetcher.DownloadKeys:", "result":"Success", "context":Key count: 2, Last key timestamp: 2024-10-26T15:40:41Z}
{"logTime": "0405/144712", "correlationVector":"SJvlvbgSeCBGm1u/iwDSkd.1","action":"EncryptionKeysManager::SetEncryptionKeys:", "result":"Success", "context":Key names[2]:[NfB0YiXzfzR/yB8fmNCs1luxYRbj+7U8/5LzacNLL09Bxy0YXTqDH/DcKx2Z4QTsDVLqOUmdDnnv85z2sB2gMQ==][tVn3rSQsZDrwlGe08UFfpUEAUnnJ5URmWllPengjUbNqLtuPEsoyVvwdAcbU4FC64XXewUhgHYMheFJX3RXHQw==]}
{"logTime": "0405/144712", "correlationVector":"SJvlvbgSeCBGm1u/iwDSkd.2","action":"EncryptionKeysManager::SetEncryptionKeysWithTimestamps:", "result":"Success", "context":Key timestamps[2]:[2024-04-29T08:40:20Z][2024-10-26T15:40:41Z]}
{"logTime": "0405/144712", "correlationVector":"SpWTnOlI4ckHNwVHawnWp6","action":"Initial GetUpdates", "result":"", "context":Reason: NEW_CLIENT. cV=SpWTnOlI4ckHNwVHawnWp6}
{"logTime": "0405/144712", "correlationVector":"SpWTnOlI4ckHNwVHawnWp6.3","action":"GetUpdates Response", "result":"Success", "context":Received 1 update(s). cV=SpWTnOlI4ckHNwVHawnWp6.0;server=akswtt006000038;cloudType=Consumer;environment=Prod_southeastasia_prod-s01-064-apac-southeastasia;migrationStage=NotStarted}
{"logTime": "0405/144712", "correlationVector":"10PN4G8J1ueBIRHgMk8CMr","action":"Initial GetUpdates", "result":"", "context":Reason: NEWLY_SUPPORTED_DATATYPE. cV=10PN4G8J1ueBIRHgMk8CMr}
{"logTime": "0405/144713", "correlationVector":"10PN4G8J1ueBIRHgMk8CMr.1","action":"SyncServerConnectionManagerRequest", "result":"SYNC_SERVER_OK", "context":{"environment":"Prod_southeastasia_prod-s01-064-apac-southeastasia", "migrationStage":"NotStarted", "server":"akswtt00600000y"}}
{"logTime": "0405/144713", "correlationVector":"10PN4G8J1ueBIRHgMk8CMr.2","action":"ProcessGetUpdates", "result":"Done", "context":{"dataType":"Preferences", "deleted":"0", "process_failed_to_decrypt":"0", "process_pending_decryption":"0", "process_success":"66", "total":"66"}}
{"logTime": "0405/144713", "correlationVector":"10PN4G8J1ueBIRHgMk8CMr.3","action":"ProcessGetUpdates", "result":"Done", "context":{"dataType":"Passwords", "deleted":"1", "process_failed_to_decrypt":"0", "process_pending_decryption":"0", "process_success":"55", "total":"55"}}
{"logTime": "0405/144713", "correlationVector":"10PN4G8J1ueBIRHgMk8CMr.4","action":"ProcessGetUpdates", "result":"Done", "context":{"dataType":"Device Info", "deleted":"0", "process_failed_to_decrypt":"0", "process_pending_decryption":"0", "process_success":"1", "total":"1"}}
{"logTime": "0405/144713", "correlationVector":"10PN4G8J1ueBIRHgMk8CMr.5","action":"GetUpdates Response", "result":"Success", "context":Received 122 update(s). cV=10PN4G8J1ueBIRHgMk8CMr.0;server=akswtt00600000y;cloudType=Consumer;environment=Prod_southeastasia_prod-s01-064-apac-southeastasia;migrationStage=NotStarted}
{"logTime": "0405/144713", "correlationVector":"Ayeuqgur4YaT5nNVrGHcTe","action":"Initial GetUpdates", "result":"", "context":Reason: NEWLY_SUPPORTED_DATATYPE. cV=Ayeuqgur4YaT5nNVrGHcTe}
{"logTime": "0405/144713", "correlationVector":"Ayeuqgur4YaT5nNVrGHcTe.1","action":"SyncServerConnectionManagerRequest", "result":"SYNC_SERVER_OK", "context":{"environment":"Prod_southeastasia_prod-s01-064-apac-southeastasia", "migrationStage":"NotStarted", "server":"akswtt00600002o"}}
{"logTime": "0405/144713", "correlationVector":"Ayeuqgur4YaT5nNVrGHcTe.2","action":"ProcessGetUpdates", "result":"Done", "context":{"dataType":"Bookmarks", "deleted":"0", "process_failed_to_decrypt":"0", "process_pending_decryption":"0", "process_success":"5", "total":"5"}}
{"logTime": "0405/144713", "correlationVector":"Ayeuqgur4YaT5nNVrGHcTe.3","action":"GetUpdates Response", "result":"Success", "context":Received 5 update(s). cV=Ayeuqgur4YaT5nNVrGHcTe.0;server=akswtt00600002o;cloudType=Consumer;environment=Prod_southeastasia_prod-s01-064-apac-southeastasia;migrationStage=NotStarted}
{"logTime": "0405/144713", "correlationVector":"ITq3ZDT2C2ho4Dfn5jwCOB","action":"Initial GetUpdates", "result":"", "context":Reason: NEWLY_SUPPORTED_DATATYPE. cV=ITq3ZDT2C2ho4Dfn5jwCOB}
{"logTime": "0405/144713", "correlationVector":"ITq3ZDT2C2ho4Dfn5jwCOB.1","action":"SyncServerConnectionManagerRequest", "result":"SYNC_SERVER_OK", "context":{"environment":"Prod_southeastasia_prod-s01-064-apac-southeastasia", "migrationStage":"NotStarted", "server":"akswtt00600000a"}}
{"logTime": "0405/144713", "correlationVector":"ITq3ZDT2C2ho4Dfn5jwCOB.2","action":"ProcessGetUpdates", "result":"Done", "context":{"dataType":"Autofill Profiles", "deleted":"0", "process_failed_to_decrypt":"0", "process_pending_decryption":"0", "process_success":"3", "total":"3"}}
{"logTime": "0405/144713", "correlationVector":"ITq3ZDT2C2ho4Dfn5jwCOB.3","action":"ProcessGetUpdates", "result":"Done", "context":{"dataType":"Autofill", "deleted":"0", "process_failed_to_decrypt":"0", "process_pending_decryption":"0", "process_success":"29", "total":"29"}}
{"logTime": "0405/144713", "correlationVector":"ITq3ZDT2C2ho4Dfn5jwCOB.4","action":"ProcessGetUpdates", "result":"Done", "context":{"dataType":"Sessions", "deleted":"11", "process_failed_to_decrypt":"0", "process_pending_decryption":"0", "process_success":"13", "total":"13"}}
{"logTime": "0405/144713", "correlationVector":"ITq3ZDT2C2ho4Dfn5jwCOB.5","action":"ProcessGetUpdates", "result":"Done", "context":{"dataType":"Edge Hub App Usage", "deleted":"2", "process_failed_to_decrypt":"0", "process_pending_decryption":"0", "process_success":"4", "total":"4"}}
{"logTime": "0405/144713", "correlationVector":"ITq3ZDT2C2ho4Dfn5jwCOB.6","action":"GetUpdates Response", "result":"Success", "context":Received 49 update(s). cV=ITq3ZDT2C2ho4Dfn5jwCOB.0;server=akswtt00600000a;cloudType=Consumer;environment=Prod_southeastasia_prod-s01-064-apac-southeastasia;migrationStage=NotStarted}
{"logTime": "0405/144713", "correlationVector":"yjGvVao45SbVPoU6afDwCZ","action":"Initial GetUpdates", "result":"", "context":Reason: NEWLY_SUPPORTED_DATATYPE. cV=yjGvVao45SbVPoU6afDwCZ}
{"logTime": "0405/144714", "correlationVector":"yjGvVao45SbVPoU6afDwCZ.1","action":"SyncServerConnectionManagerRequest", "result":"SYNC_SERVER_OK", "context":{"environment":"Prod_southeastasia_prod-s01-064-apac-southeastasia", "migrationStage":"NotStarted", "server":"akswtt00600000y"}}
{"logTime": "0405/144714", "correlationVector":"yjGvVao45SbVPoU6afDwCZ.2","action":"GetUpdates Response", "result":"Success", "context":Received 0 update(s). cV=yjGvVao45SbVPoU6afDwCZ.0;server=akswtt00600000y;cloudType=Consumer;environment=Prod_southeastasia_prod-s01-064-apac-southeastasia;migrationStage=NotStarted}
{"logTime": "0405/144714", "correlationVector":"+mkHWPS/YmElnNjhUCGt7E","action":"Normal GetUpdate request", "result":"", "context":cV=+mkHWPS/YmElnNjhUCGt7E
Nudged types: Sessions, Device Info, User Consents
Refresh requested types: Bookmarks, Preferences, Passwords, Autofill Profiles, Autofill, Extensions, Sessions, Extension settings, History Delete Directives, Device Info, User Consents, Send Tab To Self, Web Apps, History, Saved Tab Group, Collection, Edge E Drop, Edge Hub App Usage, Edge Tab Group, Edge Wallet, Encryption Keys}
{"logTime": "0405/144714", "correlationVector":"+mkHWPS/YmElnNjhUCGt7E.1","action":"SyncServerConnectionManagerRequest", "result":"SYNC_SERVER_OK", "context":{"environment":"Prod_southeastasia_prod-s01-064-apac-southeastasia", "migrationStage":"NotStarted", "server":"akswtt006000039"}}
{"logTime": "0405/144714", "correlationVector":"+mkHWPS/YmElnNjhUCGt7E.2","action":"GetUpdates Response", "result":"Success", "context":Received 0 update(s). cV=+mkHWPS/YmElnNjhUCGt7E.0;server=akswtt006000039;cloudType=Consumer;environment=Prod_southeastasia_prod-s01-064-apac-southeastasia;migrationStage=NotStarted}
{"logTime": "0405/144714", "correlationVector":"lIPSyqtdHeruVd5gc2OVJ6","action":"DoCompareDataConsistency requsted types: ", "result":"Bookmarks, Preferences, Passwords, Extensions, Extension settings, History Delete Directives, Send Tab To Self, Web Apps, History, Saved Tab Group, Collection, Edge E Drop, Edge Tab Group, Edge Wallet, Encryption Keys"}
{"logTime": "0405/144714", "correlationVector":"lIPSyqtdHeruVd5gc2OVJ6.0","action":"CompareDataConsistency result: ", "result":"Compare result: Encryption Keys is consistent. local entities count is: 1 local entities hash is: CN26eumVWyykm+USR3+1eQHz3rk="}
{"logTime": "0405/144714", "correlationVector":"lIPSyqtdHeruVd5gc2OVJ6.1","action":"CompareDataConsistency result: ", "result":"Compare result: Bookmarks is consistent. local entities count is: 0 local entities hash is: "}
{"logTime": "0405/144714", "correlationVector":"lIPSyqtdHeruVd5gc2OVJ6.2","action":"CompareDataConsistency result: ", "result":"Compare result: Preferences is consistent. local entities count is: 66 local entities hash is: qFSZEnASHqvi+Q5ue2ttyaso9u4="}
{"logTime": "0405/144714", "correlationVector":"lIPSyqtdHeruVd5gc2OVJ6.3","action":"CompareDataConsistency result: ", "result":"Compare result: Extensions is consistent. local entities count is: 0 local entities hash is: "}
{"logTime": "0405/144714", "correlationVector":"lIPSyqtdHeruVd5gc2OVJ6.4","action":"CompareDataConsistency result: ", "result":"Compare result: Extension settings is consistent. local entities count is: 0 local entities hash is: "}
{"logTime": "0405/144714", "correlationVector":"lIPSyqtdHeruVd5gc2OVJ6.5","action":"CompareDataConsistency result: ", "result":"Compare result: History Delete Directives is consistent. local entities count is: 0 local entities hash is: "}
{"logTime": "0405/144714", "correlationVector":"lIPSyqtdHeruVd5gc2OVJ6.6","action":"CompareDataConsistency result: ", "result":"Server did not send this Send Tab To Self local entities count is: 0 local entities hash is: "}
{"logTime": "0405/144714", "correlationVector":"lIPSyqtdHeruVd5gc2OVJ6.7","action":"CompareDataConsistency result: ", "result":"Compare result: Web Apps is consistent. local entities count is: 0 local entities hash is: "}
{"logTime": "0405/144714", "correlationVector":"lIPSyqtdHeruVd5gc2OVJ6.8","action":"CompareDataConsistency result: ", "result":"Server did not send this History local entities count is: 0 local entities hash is: "}
{"logTime": "0405/144714", "correlationVector":"lIPSyqtdHeruVd5gc2OVJ6.9","action":"CompareDataConsistency result: ", "result":"Compare result: Saved Tab Group is consistent. local entities count is: 0 local entities hash is: "}
{"logTime": "0405/144714", "correlationVector":"lIPSyqtdHeruVd5gc2OVJ6.10","action":"CompareDataConsistency result: ", "result":"Compare result: Collection is consistent. local entities count is: 0 local entities hash is: "}
{"logTime": "0405/144714", "correlationVector":"lIPSyqtdHeruVd5gc2OVJ6.11","action":"CompareDataConsistency result: ", "result":"Compare result: Edge E Drop is consistent. local entities count is: 0 local entities hash is: "}
{"logTime": "0405/144714", "correlationVector":"lIPSyqtdHeruVd5gc2OVJ6.12","action":"CompareDataConsistency result: ", "result":"Compare result: Edge Tab Group is consistent. local entities count is: 0 local entities hash is: "}
{"logTime": "0405/144714", "correlationVector":"lIPSyqtdHeruVd5gc2OVJ6.13","action":"CompareDataConsistency result: ", "result":"Compare result: Edge Wallet is consistent. local entities count is: 0 local entities hash is: "}
{"logTime": "0405/144714", "correlationVector":"lIPSyqtdHeruVd5gc2OVJ6.14","action":"CompareDataConsistency result: ", "result":"Compare result: Passwords is consistent. local entities count is: 54 local entities hash is: aqiBgFr6oCthFdNXiIAZCN5cFds="}
{"logTime": "0405/144714", "correlationVector":"xhG4vvYAJZewTHvf9SVzzq","action":"Commit Request", "result":"", "context":Item count: 4
Contributing types: Sessions, Device Info, User Consents}
{"logTime": "0405/144714", "correlationVector":"xhG4vvYAJZewTHvf9SVzzq.1","action":"SyncServerConnectionManagerRequest", "result":"SYNC_SERVER_OK", "context":{"environment":"Prod_southeastasia_prod-s01-064-apac-southeastasia", "migrationStage":"NotStarted", "server":"akswtt00600003p"}}
{"logTime": "0405/144714", "correlationVector":"xhG4vvYAJZewTHvf9SVzzq.2","action":"Commit Response", "result":"Success", "context":Result: Success. cV=xhG4vvYAJZewTHvf9SVzzq.0;server=akswtt00600003p;cloudType=Consumer;environment=Prod_southeastasia_prod-s01-064-apac-southeastasia;migrationStage=NotStarted}
{"logTime": "0405/144714", "correlationVector":"","action":"DIAGNOSTIC_REQUEST|v1/diagnosticData/Diagnostic.SendCheckResult()|SUCCESS", "result":""}
{"logTime": "0405/144717", "correlationVector":"O2gjxTYxnsTjtWtuDVDmCi","action":"Commit Request", "result":"", "context":Item count: 6
Contributing types: Preferences, History, Edge Hub App Usage}
{"logTime": "0405/144717", "correlationVector":"O2gjxTYxnsTjtWtuDVDmCi.1","action":"SyncServerConnectionManagerRequest", "result":"SYNC_SERVER_OK", "context":{"environment":"Prod_southeastasia_prod-s01-064-apac-southeastasia", "migrationStage":"NotStarted", "server":"akswtt006000034"}}
{"logTime": "0405/144717", "correlationVector":"O2gjxTYxnsTjtWtuDVDmCi.2","action":"Commit Response", "result":"Success", "context":Result: Success. cV=O2gjxTYxnsTjtWtuDVDmCi.0;server=akswtt006000034;cloudType=Consumer;environment=Prod_southeastasia_prod-s01-064-apac-southeastasia;migrationStage=NotStarted}
{"logTime": "0405/144718", "correlationVector":"gprhnYIWoqjnixSqp6zBfR","action":"Commit Request", "result":"", "context":Item count: 1
Contributing types: User Consents}
{"logTime": "0405/144718", "correlationVector":"gprhnYIWoqjnixSqp6zBfR.1","action":"SyncServerConnectionManagerRequest", "result":"SYNC_SERVER_OK", "context":{"environment":"Prod_southeastasia_prod-s01-064-apac-southeastasia", "migrationStage":"NotStarted", "server":"akswtt00600003p"}}
{"logTime": "0405/144718", "correlationVector":"gprhnYIWoqjnixSqp6zBfR.2","action":"Commit Response", "result":"Success", "context":Result: Success. cV=gprhnYIWoqjnixSqp6zBfR.0;server=akswtt00600003p;cloudType=Consumer;environment=Prod_southeastasia_prod-s01-064-apac-southeastasia;migrationStage=NotStarted}
{"logTime": "0405/144741", "correlationVector":"Sl58qHc/shqwLd91FHVf4J","action":"Commit Request", "result":"", "context":Item count: 3
Contributing types: Preferences, Sessions, History}
{"logTime": "0405/144742", "correlationVector":"Sl58qHc/shqwLd91FHVf4J.1","action":"SyncServerConnectionManagerRequest", "result":"SYNC_SERVER_OK", "context":{"environment":"Prod_southeastasia_prod-s01-064-apac-southeastasia", "migrationStage":"NotStarted", "server":"akswtt006000024"}}
{"logTime": "0405/144742", "correlationVector":"Sl58qHc/shqwLd91FHVf4J.2","action":"Commit Response", "result":"Success", "context":Result: Success. cV=Sl58qHc/shqwLd91FHVf4J.0;server=akswtt006000024;cloudType=Consumer;environment=Prod_southeastasia_prod-s01-064-apac-southeastasia;migrationStage=NotStarted}
